PLATFORM/DEVICES GENERAL:
=============================================================
Group 1 with 1 devices
Group 2 with 1 devices
Group 3 with 1 devices
 Device 0
 Platform name: Intel(R) OpenCL
 Vendor: Intel(R) Corporation
 Device name: Intel(R) Core(TM) i7-4770K CPU @ 3.50GHz
 Device 1
 Platform name: AMD Accelerated Parallel Processing
 Vendor: Advanced Micro Devices, Inc.
 Device name: Tahiti
 Device 2
 Platform name: AMD Accelerated Parallel Processing
 Vendor: Advanced Micro Devices, Inc.
 Device name: Intel(R) Core(TM) i7-4770K CPU @ 3.50GHz
=============================================================

*********************************************************
PART 2 OPTIONAL - MATRIX_SIZE 128
*********************************************************
	Device 0
	elapsed time: 0.000503s
	real    0m0.273s
	user    0m0.187s
	sys     0m0.046s
	-------------------------------------------------------
	Device 1
	elapsed time: 0.001360s
	real    0m0.298s
	user    0m0.203s
	sys     0m0.046s
	-------------------------------------------------------
	Device 2
	elapsed time: 0.000573s
	real    0m0.309s
	user    0m0.218s
	sys     0m0.031s

*********************************************************
PART 2 OPTIONAL - MATRIX_SIZE 1024
*********************************************************
	Device 0
	elapsed time: 1.459667s
	real    0m1.732s
	user    0m11.890s
	sys     0m0.062s
	-------------------------------------------------------
	Device 1
	elapsed time: 0.488404s
	real    0m0.792s
	user    0m0.187s
	sys     0m0.093s
	-------------------------------------------------------
	Device 2
	elapsed time: 1.438810s
	real    0m1.744s
	user    0m11.484s
	sys     0m0.171s

*********************************************************
PART 2 OPTIONAL - MATRIX_SIZE 2048
*********************************************************
	Device 0
	elapsed time: 17.075136s
	real    0m17.410s
	user    2m14.984s
	sys     0m0.140s
	-------------------------------------------------------
	Device 1
	elapsed time: 3.980968s
	real    0m4.288s
	user    0m0.218s
	sys     0m0.078s
	-------------------------------------------------------
	Device 2
	elapsed time: 15.001915s
	real    0m15.339s
	user    1m58.093s
	sys     0m0.718s
	
*********************************************************
PART 2 OPTIONAL - MATRIX_SIZE 4096
*********************************************************
	Device 0
	elapsed time: 193.696276s
	real    3m14.493s
	user    24m35.500s
	sys     0m0.718s
	-------------------------------------------------------
	Device 1
	elapsed time: 32.543509s
	real    0m32.912s
	user    0m0.218s
	sys     0m0.093s
	-------------------------------------------------------
	Device 2
	elapsed time: 199.851776s
	real    3m20.255s
	user    24m43.125s
	sys     0m4.328s