PLATFORM/DEVICES GENERAL:
=============================================================
Group 1 with 1 devices
Group 2 with 1 devices
Group 3 with 1 devices
 Device 0
 Platform name: Intel(R) OpenCL
 Vendor: Intel(R) Corporation
 Device name: Intel(R) Core(TM) i7-4770K CPU @ 3.50GHz
 Device 1
 Platform name: AMD Accelerated Parallel Processing
 Vendor: Advanced Micro Devices, Inc.
 Device name: Tahiti
 Device 2
 Platform name: AMD Accelerated Parallel Processing
 Vendor: Advanced Micro Devices, Inc.
 Device name: Intel(R) Core(TM) i7-4770K CPU @ 3.50GHz
=============================================================

*********************************************************
PART 2 - MATRIX_SIZE 128
*********************************************************
	Device 0
	elapsed time: 0.002317s
	real    0m0.301s
	user    0m0.203s
	sys     0m0.046s
	-------------------------------------------------------
	Device 1
	elapsed time: 0.280983s
	real    0m0.585s
	user    0m0.187s
	sys     0m0.078s
	-------------------------------------------------------
	Device 2
	elapsed time: 0.001624s
	real    0m0.315s
	user    0m0.203s
	sys     0m0.078s
	-------------------------------------------------------
	CPU
	real    0m0.009s
	user    0m0.000s
	sys     0m0.000s

*********************************************************
PART 2 - MATRIX_SIZE 1024
*********************************************************
	Device 0
	elapsed time: 1.527856s
	real    0m1.807s
	user    0m3.140s
	sys     0m0.187s
	-------------------------------------------------------
	Device 1

	-------------------------------------------------------
	Device 2
	elapsed time: 2.160035s
	real    0m2.549s
	user    0m2.343s
	sys     0m0.062s
	-------------------------------------------------------
	CPU
	real    0m0.011s
	user    0m0.000s
	sys     0m0.000s

*********************************************************
PART 2 - MATRIX_SIZE 2048
*********************************************************
	Device 0
	elapsed time: 60.166146s
	real    1m0.819s
	user    1m55.859s
	sys     0m4.875s
	-------------------------------------------------------
	Device 1

	-------------------------------------------------------
	Device 2
	elapsed time: 60.128992s
	real    1m0.470s
	user    1m0.265s
	sys     0m0.093s
	-------------------------------------------------------
	CPU
	real    0m0.017s
	user    0m0.015s
	sys     0m0.000s

*********************************************************
PART 2 - MATRIX_SIZE 4096
*********************************************************
	Device 0

	-------------------------------------------------------
	Device 1

	-------------------------------------------------------
	Device 2
	
	-------------------------------------------------------
	CPU
	real    0m0.040s
	user    0m0.015s
	sys     0m0.015s
