Number of platforms:				 2
  Platform Profile:				 FULL_PROFILE
  Platform Version:				 OpenCL 1.2 
  Platform Name:				 Intel(R) OpenCL
  Platform Vendor:				 Intel(R) Corporation
  Platform Extensions:				 cl_khr_fp64 cl_khr_icd cl_khr_global_int32_base_atomics cl_khr_global_int32_extended_atomics cl_khr_local_int32_base_atomics cl_khr_local_int32_extended_atomics cl_khr_byte_addressable_store cl_intel_printf cl_ext_device_fission cl_intel_exec_by_local_thread cl_khr_gl_sharing cl_intel_dx9_media_sharing cl_khr_dx9_media_sharing cl_khr_d3d11_sharing
  Platform Profile:				 FULL_PROFILE
  Platform Version:				 OpenCL 1.2 AMD-APP (1348.5)
  Platform Name:				 AMD Accelerated Parallel Processing
  Platform Vendor:				 Advanced Micro Devices, Inc.
  Platform Extensions:				 cl_khr_icd cl_amd_event_callback cl_amd_offline_devices cl_khr_d3d10_sharing cl_khr_d3d11_sharing cl_khr_dx9_media_sharing 


  Platform Name:				 Intel(R) OpenCL
Number of devices:				 1
  Device Type:					 CL_DEVICE_TYPE_CPU
  Vendor ID:					 8086h
  Max compute units:				 8
  Max work items dimensions:			 3
    Max work items[0]:				 1024
    Max work items[1]:				 1024
    Max work items[2]:				 1024
  Max work group size:				 1024
  Preferred vector width char:			 1
  Preferred vector width short:			 1
  Preferred vector width int:			 1
  Preferred vector width long:			 1
  Preferred vector width float:			 1
  Preferred vector width double:		 1
  Native vector width char:			 32
  Native vector width short:			 16
  Native vector width int:			 8
  Native vector width long:			 4
  Native vector width float:			 8
  Native vector width double:			 4
  Max clock frequency:				 3500Mhz
  Address bits:					 64
  Max memory allocation:			 4265825280
  Image support:				 Yes
  Max number of images read arguments:		 480
  Max number of images write arguments:		 480
  Max image 2D width:				 16384
  Max image 2D height:				 16384
  Max image 3D width:				 2048
  Max image 3D height:				 2048
  Max image 3D depth:				 2048
  Max samplers within kernel:			 480
  Max size of kernel argument:			 3840
  Alignment (bits) of base address:		 1024
  Minimum alignment (bytes) for any datatype:	 128
  Single precision floating point capability
    Denorms:					 Yes
    Quiet NaNs:					 Yes
    Round to nearest even:			 Yes
    Round to zero:				 No
    Round to +ve and infinity:			 No
    IEEE754-2008 fused multiply-add:		 No
  Cache type:					 Read/Write
  Cache line size:				 64
  Cache size:					 262144
  Global memory size:				 17063301120
  Constant buffer size:				 131072
  Max number of constant args:			 480
  Local memory type:				 Global
  Local memory size:				 32768
  Kernel Preferred work group size multiple:	 128
  Error correction support:			 0
  Unified memory for Host and Device:		 1
  Profiling timer resolution:			 292
  Device endianess:				 Little
  Available:					 Yes
  Compiler available:				 Yes
  Execution capabilities:				 
    Execute OpenCL kernels:			 Yes
    Execute native function:			 Yes
  Queue on Host properties:				 
    Out-of-Order:				 Yes
    Profiling :					 Yes
  Platform ID:					 0000006B5B331740
  Name:						 Intel(R) Core(TM) i7-4770K CPU @ 3.50GHz
  Vendor:					 Intel(R) Corporation
  Device OpenCL C version:			 OpenCL C 1.2 
  Driver version:				 3.0.1.10878
  Profile:					 FULL_PROFILE
  Version:					 OpenCL 1.2 (Build 76413)
  Extensions:					 cl_khr_fp64 cl_khr_icd cl_khr_global_int32_base_atomics cl_khr_global_int32_extended_atomics cl_khr_local_int32_base_atomics cl_khr_local_int32_extended_atomics cl_khr_byte_addressable_store cl_intel_printf cl_ext_device_fission cl_intel_exec_by_local_thread cl_khr_gl_sharing cl_intel_dx9_media_sharing cl_khr_dx9_media_sharing cl_khr_d3d11_sharing 


  Platform Name:				 AMD Accelerated Parallel Processing
Number of devices:				 2
  Device Type:					 CL_DEVICE_TYPE_GPU
  Vendor ID:					 1002h
  Board name:					 AMD Radeon R9 200 Series
  Device Topology:				 PCI[ B#1, D#0, F#0 ]
  Max compute units:				 28
  Max work items dimensions:			 3
    Max work items[0]:				 256
    Max work items[1]:				 256
    Max work items[2]:				 256
  Max work group size:				 256
  Preferred vector width char:			 4
  Preferred vector width short:			 2
  Preferred vector width int:			 1
  Preferred vector width long:			 1
  Preferred vector width float:			 1
  Preferred vector width double:		 1
  Native vector width char:			 4
  Native vector width short:			 2
  Native vector width int:			 1
  Native vector width long:			 1
  Native vector width float:			 1
  Native vector width double:			 1
  Max clock frequency:				 940Mhz
  Address bits:					 32
  Max memory allocation:			 536870912
  Image support:				 Yes
  Max number of images read arguments:		 128
  Max number of images write arguments:		 8
  Max image 2D width:				 16384
  Max image 2D height:				 16384
  Max image 3D width:				 2048
  Max image 3D height:				 2048
  Max image 3D depth:				 2048
  Max samplers within kernel:			 16
  Max size of kernel argument:			 1024
  Alignment (bits) of base address:		 2048
  Minimum alignment (bytes) for any datatype:	 128
  Single precision floating point capability
    Denorms:					 No
    Quiet NaNs:					 Yes
    Round to nearest even:			 Yes
    Round to zero:				 Yes
    Round to +ve and infinity:			 Yes
    IEEE754-2008 fused multiply-add:		 Yes
  Cache type:					 Read/Write
  Cache line size:				 64
  Cache size:					 16384
  Global memory size:				 2147483648
  Constant buffer size:				 65536
  Max number of constant args:			 8
  Local memory type:				 Scratchpad
  Local memory size:				 32768
  Kernel Preferred work group size multiple:	 64
  Error correction support:			 0
  Unified memory for Host and Device:		 0
  Profiling timer resolution:			 1
  Device endianess:				 Little
  Available:					 Yes
  Compiler available:				 Yes
  Execution capabilities:				 
    Execute OpenCL kernels:			 Yes
    Execute native function:			 No
  Queue on Host properties:				 
    Out-of-Order:				 No
    Profiling :					 Yes
  Platform ID:					 00007FF899CFAE10
  Name:						 Tahiti
  Vendor:					 Advanced Micro Devices, Inc.
  Device OpenCL C version:			 OpenCL C 1.2 
  Driver version:				 1348.5 (VM)
  Profile:					 FULL_PROFILE
  Version:					 OpenCL 1.2 AMD-APP (1348.5)
  Extensions:					 cl_khr_fp64 cl_amd_fp64 cl_khr_global_int32_base_atomics cl_khr_global_int32_extended_atomics cl_khr_local_int32_base_atomics cl_khr_local_int32_extended_atomics cl_khr_int64_base_atomics cl_khr_int64_extended_atomics cl_khr_3d_image_writes cl_khr_byte_addressable_store cl_khr_gl_sharing cl_ext_atomic_counters_32 cl_amd_device_attribute_query cl_amd_vec3 cl_amd_printf cl_amd_media_ops cl_amd_media_ops2 cl_amd_popcnt cl_khr_d3d10_sharing cl_khr_dx9_media_sharing cl_khr_image2d_from_buffer 


  Device Type:					 CL_DEVICE_TYPE_CPU
  Vendor ID:					 1002h
  Board name:					 
  Max compute units:				 8
  Max work items dimensions:			 3
    Max work items[0]:				 1024
    Max work items[1]:				 1024
    Max work items[2]:				 1024
  Max work group size:				 1024
  Preferred vector width char:			 16
  Preferred vector width short:			 8
  Preferred vector width int:			 4
  Preferred vector width long:			 2
  Preferred vector width float:			 8
  Preferred vector width double:		 4
  Native vector width char:			 16
  Native vector width short:			 8
  Native vector width int:			 4
  Native vector width long:			 2
  Native vector width float:			 8
  Native vector width double:			 4
  Max clock frequency:				 3500Mhz
  Address bits:					 64
  Max memory allocation:			 4265825280
  Image support:				 Yes
  Max number of images read arguments:		 128
  Max number of images write arguments:		 8
  Max image 2D width:				 8192
  Max image 2D height:				 8192
  Max image 3D width:				 2048
  Max image 3D height:				 2048
  Max image 3D depth:				 2048
  Max samplers within kernel:			 16
  Max size of kernel argument:			 4096
  Alignment (bits) of base address:		 1024
  Minimum alignment (bytes) for any datatype:	 128
  Single precision floating point capability
    Denorms:					 Yes
    Quiet NaNs:					 Yes
    Round to nearest even:			 Yes
    Round to zero:				 Yes
    Round to +ve and infinity:			 Yes
    IEEE754-2008 fused multiply-add:		 Yes
  Cache type:					 Read/Write
  Cache line size:				 64
  Cache size:					 32768
  Global memory size:				 17063301120
  Constant buffer size:				 65536
  Max number of constant args:			 8
  Local memory type:				 Global
  Local memory size:				 32768
  Kernel Preferred work group size multiple:	 1
  Error correction support:			 0
  Unified memory for Host and Device:		 1
  Profiling timer resolution:			 292
  Device endianess:				 Little
  Available:					 Yes
  Compiler available:				 Yes
  Execution capabilities:				 
    Execute OpenCL kernels:			 Yes
    Execute native function:			 Yes
  Queue on Host properties:				 
    Out-of-Order:				 No
    Profiling :					 Yes
  Platform ID:					 00007FF899CFAE10
  Name:						 Intel(R) Core(TM) i7-4770K CPU @ 3.50GHz
  Vendor:					 GenuineIntel
  Device OpenCL C version:			 OpenCL C 1.2 
  Driver version:				 1348.5 (sse2,avx)
  Profile:					 FULL_PROFILE
  Version:					 OpenCL 1.2 AMD-APP (1348.5)
  Extensions:					 cl_khr_fp64 cl_amd_fp64 cl_khr_global_int32_base_atomics cl_khr_global_int32_extended_atomics cl_khr_local_int32_base_atomics cl_khr_local_int32_extended_atomics cl_khr_int64_base_atomics cl_khr_int64_extended_atomics cl_khr_3d_image_writes cl_khr_byte_addressable_store cl_khr_gl_sharing cl_ext_device_fission cl_amd_device_attribute_query cl_amd_vec3 cl_amd_printf cl_amd_media_ops cl_amd_media_ops2 cl_amd_popcnt cl_khr_d3d10_sharing 


