PLATFORM/DEVICES GENERAL:
=============================================================
Group 1 with 1 devices
Group 2 with 1 devices
Group 3 with 1 devices
 Device 0
 Platform name: Intel(R) OpenCL
 Vendor: Intel(R) Corporation
 Device name: Intel(R) Core(TM) i7-4770K CPU @ 3.50GHz
 Device 1
 Platform name: AMD Accelerated Parallel Processing
 Vendor: Advanced Micro Devices, Inc.
 Device name: Tahiti
 Device 2
 Platform name: AMD Accelerated Parallel Processing
 Vendor: Advanced Micro Devices, Inc.
 Device name: Intel(R) Core(TM) i7-4770K CPU @ 3.50GHz
=============================================================

*********************************************************
PART 3 - MATRIX_SIZE 128 - WG 16x1
*********************************************************
	Device 0
	elapsed time: 0.000117s
	real    0m0.267s
	user    0m0.203s
	sys     0m0.031s
	-------------------------------------------------------
	Device 1
	elapsed time: 0.009079s
	real    0m0.283s
	user    0m0.203s
	sys     0m0.062s
	-------------------------------------------------------
	Device 2
	elapsed time: 0.000406s
	real    0m0.310s
	user    0m0.234s
	sys     0m0.031s

*********************************************************
PART 3 - MATRIX_SIZE 128 - WG 32x1
*********************************************************
	Device 0
	elapsed time: 0.000133s
	real    0m0.275s
	user    0m0.171s
	sys     0m0.093s
	-------------------------------------------------------
	Device 1
	elapsed time: 0.009172s
	real    0m0.290s
	user    0m0.218s
	sys     0m0.031s
	-------------------------------------------------------
	Device 2
	elapsed time: 0.000436s
	real    0m0.304s
	user    0m0.187s
	sys     0m0.061s
	
*********************************************************
PART 3 - MATRIX_SIZE 128 - WG 64x1
*********************************************************
	Device 0
	elapsed time: 0.000192s
	real    0m0.259s
	user    0m0.187s
	sys     0m0.077s
	-------------------------------------------------------
	Device 1
	elapsed time: 0.009399s
	real    0m0.296s
	user    0m0.171s
	sys     0m0.078s
	-------------------------------------------------------
	Device 2
	elapsed time: 0.000839s
	real    0m0.316s
	user    0m0.171s
	sys     0m0.078s

*********************************************************
PART 3 - MATRIX_SIZE 1024 - WG 16x1
*********************************************************
	Device 0
	elapsed time: 0.174094s
	real    0m0.806s
	user    0m1.921s
	sys     0m0.046s
	-------------------------------------------------------
	Device 1
	elapsed time: 0.490231s
	real    0m1.141s
	user    0m0.578s
	sys     0m0.061s
	-------------------------------------------------------
	Device 2
	elapsed time: 1.361711s
	real    0m2.073s
	user    0m10.687s
	sys     0m0.078s

*********************************************************
PART 3 - MATRIX_SIZE 1024 - WG 32x1
*********************************************************
	Device 0
	elapsed time: 0.179843s
	real    0m0.944s
	user    0m2.187s
	sys     0m0.046s
	-------------------------------------------------------
	Device 1
	elapsed time: 0.523819s
	real    0m1.175s
	user    0m0.531s
	sys     0m0.062s
	-------------------------------------------------------
	Device 2
	elapsed time: 1.420300s
	real    0m2.114s
	user    0m11.906s
	sys     0m0.078s
	
*********************************************************
PART 3 - MATRIX_SIZE 1024 - WG 64x1
*********************************************************
	Device 0
	elapsed time: 0.180621s
	real    0m0.811s
	user    0m2.062s
	sys     0m0.031s
	-------------------------------------------------------
	Device 1
	elapsed time: 0.530896s
	real    0m1.181s
	user    0m0.531s
	sys     0m0.062s
	-------------------------------------------------------
	Device 2
	elapsed time: 1.423682s
	real    0m2.079s
	user    0m11.937s
	sys     0m0.078s
	
*********************************************************
PART 3 - MATRIX_SIZE 2048 - WG 16x1
*********************************************************
	Device 0
	elapsed time: 1.969943s
	real    0m2.274s
	user    0m15.625s
	sys     0m0.125s
	-------------------------------------------------------
	Device 1
	elapsed time: 1.982748s
	real    0m2.300s
	user    0m0.203s
	sys     0m0.062s
	-------------------------------------------------------
	Device 2
	elapsed time: 16.771182s
	real    0m17.097s
	user    2m12.671s
	sys     0m0.078s

*********************************************************
PART 3 - MATRIX_SIZE 2048 - WG 32x1
*********************************************************
	Device 0
	elapsed time: 2.377557s
	real    0m2.687s
	user    0m18.734s
	sys     0m0.046s
	-------------------------------------------------------
	Device 1
	elapsed time: 2.034707s
	real    0m2.366s
	user    0m0.234s
	sys     0m0.031s
	-------------------------------------------------------
	Device 2
	elapsed time: 14.228656s
	real    0m14.559s
	user    1m51.968s
	sys     0m0.062s
	
*********************************************************
PART 3 - MATRIX_SIZE 2048 - WG 64x1
*********************************************************
	Device 0
	elapsed time: 2.101519s
	real    0m2.414s
	user    0m16.031s
	sys     0m0.125s
	-------------------------------------------------------
	Device 1
	elapsed time: 2.086614s
	real    0m2.390s
	user    0m0.234s
	sys     0m0.046s
	-------------------------------------------------------
	Device 2
	elapsed time: 15.925296s
	real    0m16.266s
	user    2m4.609s
	sys     0m0.109s

*********************************************************
PART 3 - MATRIX_SIZE 4096 - WG 16x1
*********************************************************
	Device 0
	elapsed time: 29.245308s
	real    0m29.687s
	user    3m49.484s
	sys     0m0.234s
	-------------------------------------------------------
	Device 1
	elapsed time: 8.446202s
	real    0m8.798s
	user    0m0.249s
	sys     0m0.062s
	-------------------------------------------------------
	Device 2
	elapsed time: 183.572906s
	real    3m3.964s
	user    24m14.734s
	sys     0m0.280s

*********************************************************
PART 3 - MATRIX_SIZE 4096 - WG 32x1
*********************************************************
	Device 0
	elapsed time: 30.380263s
	real    0m30.830s
	user    3m56.906s
	sys     0m0.296s
	-------------------------------------------------------
	Device 1
	elapsed time: 8.226082s
	real    0m8.590s
	user    0m0.218s
	sys     0m0.062s
	-------------------------------------------------------
	Device 2
	elapsed time: 226.402491s
	real    3m46.820s
	user    28m45.500s
	sys     0m0.531s
	
*********************************************************
PART 3 - MATRIX_SIZE 4096 - WG 64x1
*********************************************************
	Device 0
	elapsed time: 31.245640s
	real    0m31.700s
	user    3m55.203s
	sys     0m0.234s
	-------------------------------------------------------
	Device 1
	elapsed time: 8.243367s
	real    0m8.586s
	user    0m0.250s
	sys     0m0.062s
	-------------------------------------------------------
	Device 2
	elapsed time: 217.643662s
	real    3m38.031s
	user    27m51.546s
	sys     0m0.546s